<?xml version="1.0" encoding="UTF-8"?>
<!-- Generated by org.testng.reporters.JUnitReportReporter -->
<testsuite hostname="DESKTOP-HSNMEPH" failures="0" tests="5" name="com.nexsoft.cicool.TestLoginUser" time="16.086" errors="0" timestamp="2022-06-15T23:17:28 ICT" skipped="0">
  <testcase classname="com.nexsoft.cicool.TestLoginUser" name="testLoginWithValidUserAndPassword" time="4.170"/>
  <system-out>
    <![CDATA[<img src='file://D:\TestScreenshoot\20220615_231716.png'height="450" width="1017"/>]]>
  </system-out>
  <testcase classname="com.nexsoft.cicool.TestLoginUser" name="testLoginWithValidUserAndWrongPassword" time="3.888"/>
  <system-out>
    <![CDATA[<img src='file://D:\TestScreenshoot\20220615_231720.png'height="450" width="1017"/>]]>
  </system-out>
  <testcase classname="com.nexsoft.cicool.TestLoginUser" name="testLogin_usernameNotValid_passwordNotValid" time="2.700"/>
  <system-out>
    <![CDATA[<img src='file://D:\TestScreenshoot\20220615_231722.png'height="450" width="1017"/>]]>
  </system-out>
  <testcase classname="com.nexsoft.cicool.TestLoginUser" name="testLogin_usernameEmpty_passwordEmpty" time="2.922"/>
  <system-out>
    <![CDATA[<img src='file://D:\TestScreenshoot\20220615_231725.png'height="450" width="1017"/>]]>
  </system-out>
  <testcase classname="com.nexsoft.cicool.TestLoginUser" name="testforgotPassword" time="2.406"/>
  <system-out>
    <![CDATA[<img src='file://D:\TestScreenshoot\20220615_231727.png'height="450" width="1017"/>]]>
  </system-out>
</testsuite> <!-- com.nexsoft.cicool.TestLoginUser -->
